Arguments: 
  C:\Program Files\nodejs\node.exe C:\Users\kwasilew\AppData\Roaming\npm\node_modules\yarn\bin\yarn.js add express@4.17.1

PATH: 
  C:\Users\kwasilew\bin;C:\Users\kwasilew\AppData\Local\Programs\Git\mingw64\bin;C:\Users\kwasilew\AppData\Local\Programs\Git\usr\local\bin;C:\Users\kwasilew\AppData\Local\Programs\Git\usr\bin;C:\Users\kwasilew\AppData\Local\Programs\Git\usr\bin;C:\Users\kwasilew\AppData\Local\Programs\Git\mingw64\bin;C:\Users\kwasilew\AppData\Local\Programs\Git\usr\bin;C:\Users\kwasilew\bin;C:\WINDOWS\system32;C:\WINDOWS;C:\WINDOWS\System32\Wbem;C:\WINDOWS\System32\WindowsPowerShell\v1.0;C:\WINDOWS\System32\OpenSSH;C:\Program Files\nodejs;C:\Users\kwasilew\AppData\Local\Microsoft\WindowsApps;C:\Users\kwasilew\AppData\Local\Programs\Microsoft VS Code\bin;C:\Users\kwasilew\AppData\Local\Programs\Git\cmd;C:\Users\kwasilew\AppData\Roaming\npm;C:\Users\kwasilew\AppData\Local\Programs\Git\usr\bin\vendor_perl;C:\Users\kwasilew\AppData\Local\Programs\Git\usr\bin\core_perl

Yarn version: 
  1.22.19

Node version: 
  19.0.0

Platform: 
  win32 x64

Trace: 
  SyntaxError: C:\projects\myexp_app\package.json: Unexpected end of JSON input
      at JSON.parse (<anonymous>)
      at C:\Users\kwasilew\AppData\Roaming\npm\node_modules\yarn\lib\cli.js:1629:59
      at Generator.next (<anonymous>)
      at step (C:\Users\kwasilew\AppData\Roaming\npm\node_modules\yarn\lib\cli.js:310:30)
      at C:\Users\kwasilew\AppData\Roaming\npm\node_modules\yarn\lib\cli.js:321:13

npm manifest: 
  

yarn manifest: 
  No manifest

Lockfile: 
  # THIS IS AN AUTOGENERATED FILE. DO NOT EDIT THIS FILE DIRECTLY.
  # yarn lockfile v1
